2022-03-28 14:19:39.724 | DEBUG    | app.converter:_set_value:93 - IntConverter : True
2022-03-28 14:19:39.724 | DEBUG    | app.converter:_set_value:93 - IntConverter : True
2022-03-28 14:19:39.724 | DEBUG    | app.converter:_set_value:93 - IntConverter : True
2022-03-28 14:19:39.724 | DEBUG    | app.converter:_set_value:93 - IntConverter : False
2022-03-28 14:19:39.739 | DEBUG    | app.converter:_set_value:93 - IntConverter : False
2022-03-28 14:19:39.739 | DEBUG    | app.converter:_set_value:93 - IntConverter : False
2022-03-28 14:19:39.739 | DEBUG    | app.converter:_set_value:93 - IntConverter : t
2022-03-28 14:19:39.739 | DEBUG    | app.converter:_set_value:93 - IntConverter : true
2022-03-28 14:19:39.739 | DEBUG    | app.converter:_set_value:93 - IntConverter : f
2022-03-28 14:19:39.755 | DEBUG    | app.converter:_set_value:93 - IntConverter : false
2022-03-28 14:19:39.755 | DEBUG    | app.converter:_set_value:93 - IntConverter : {}
2022-03-30 10:05:38.948 | DEBUG    | app.converter:_set_value:98 - IntConverter : True
2022-03-30 10:05:38.948 | DEBUG    | app.converter:_set_value:98 - IntConverter : True
2022-03-30 10:05:38.948 | DEBUG    | app.converter:_set_value:98 - IntConverter : True
2022-03-30 10:05:38.948 | DEBUG    | app.converter:_set_value:98 - IntConverter : False
2022-03-30 10:05:38.964 | DEBUG    | app.converter:_set_value:98 - IntConverter : False
2022-03-30 10:05:38.964 | DEBUG    | app.converter:_set_value:98 - IntConverter : False
2022-03-30 10:05:38.964 | DEBUG    | app.converter:_set_value:98 - IntConverter : t
2022-03-30 10:05:38.964 | DEBUG    | app.converter:_set_value:98 - IntConverter : true
2022-03-30 10:05:38.980 | DEBUG    | app.converter:_set_value:98 - IntConverter : f
2022-03-30 10:05:38.980 | DEBUG    | app.converter:_set_value:98 - IntConverter : false
2022-03-30 10:05:38.980 | DEBUG    | app.converter:_set_value:98 - IntConverter : {}
2022-03-30 10:05:47.704 | DEBUG    | app.converter:_set_value:98 - IntConverter : True
2022-03-30 10:05:47.704 | DEBUG    | app.converter:_set_value:98 - IntConverter : True
2022-03-30 10:05:47.704 | DEBUG    | app.converter:_set_value:98 - IntConverter : True
2022-03-30 10:05:47.704 | DEBUG    | app.converter:_set_value:98 - IntConverter : False
2022-03-30 10:05:47.720 | DEBUG    | app.converter:_set_value:98 - IntConverter : False
2022-03-30 10:05:47.720 | DEBUG    | app.converter:_set_value:98 - IntConverter : False
2022-03-30 10:05:47.720 | DEBUG    | app.converter:_set_value:98 - IntConverter : t
2022-03-30 10:05:47.720 | DEBUG    | app.converter:_set_value:98 - IntConverter : true
2022-03-30 10:05:47.735 | DEBUG    | app.converter:_set_value:98 - IntConverter : f
2022-03-30 10:05:47.735 | DEBUG    | app.converter:_set_value:98 - IntConverter : false
2022-03-30 10:05:47.735 | DEBUG    | app.converter:_set_value:98 - IntConverter : {}
2022-03-30 10:05:53.852 | DEBUG    | app.converter:_set_value:98 - IntConverter : True
2022-03-30 10:05:53.852 | DEBUG    | app.converter:_set_value:98 - IntConverter : True
2022-03-30 10:05:53.852 | DEBUG    | app.converter:_set_value:98 - IntConverter : True
2022-03-30 10:05:53.868 | DEBUG    | app.converter:_set_value:98 - IntConverter : False
2022-03-30 10:05:53.868 | DEBUG    | app.converter:_set_value:98 - IntConverter : False
2022-03-30 10:05:53.868 | DEBUG    | app.converter:_set_value:98 - IntConverter : False
2022-03-30 10:05:53.868 | DEBUG    | app.converter:_set_value:98 - IntConverter : t
2022-03-30 10:05:53.868 | DEBUG    | app.converter:_set_value:98 - IntConverter : true
2022-03-30 10:05:53.887 | DEBUG    | app.converter:_set_value:98 - IntConverter : f
2022-03-30 10:05:53.887 | DEBUG    | app.converter:_set_value:98 - IntConverter : false
2022-03-30 10:05:53.903 | DEBUG    | app.converter:_set_value:98 - IntConverter : {}
2022-03-30 10:44:23.774 | DEBUG    | converter:_set_value:103 - IntConverter : True
2022-03-30 10:44:23.774 | DEBUG    | converter:_set_value:103 - IntConverter : True
2022-03-30 10:44:23.790 | DEBUG    | converter:_set_value:103 - IntConverter : True
2022-03-30 10:44:23.790 | DEBUG    | converter:_set_value:103 - IntConverter : False
2022-03-30 10:44:23.790 | DEBUG    | converter:_set_value:103 - IntConverter : False
2022-03-30 10:44:23.790 | DEBUG    | converter:_set_value:103 - IntConverter : False
2022-03-30 10:44:23.805 | DEBUG    | converter:_set_value:103 - IntConverter : t
2022-03-30 10:44:23.805 | DEBUG    | converter:_set_value:103 - IntConverter : true
2022-03-30 10:44:23.805 | DEBUG    | converter:_set_value:103 - IntConverter : f
2022-03-30 10:44:23.805 | DEBUG    | converter:_set_value:103 - IntConverter : false
2022-03-30 10:44:23.805 | DEBUG    | converter:_set_value:103 - IntConverter : {}
2022-03-30 10:44:26.763 | DEBUG    | converter:_set_value:103 - IntConverter : True
2022-03-30 10:44:26.763 | DEBUG    | converter:_set_value:103 - IntConverter : True
2022-03-30 10:44:26.763 | DEBUG    | converter:_set_value:103 - IntConverter : True
2022-03-30 10:44:26.763 | DEBUG    | converter:_set_value:103 - IntConverter : False
2022-03-30 10:44:26.763 | DEBUG    | converter:_set_value:103 - IntConverter : False
2022-03-30 10:44:26.778 | DEBUG    | converter:_set_value:103 - IntConverter : False
2022-03-30 10:44:26.778 | DEBUG    | converter:_set_value:103 - IntConverter : t
2022-03-30 10:44:26.778 | DEBUG    | converter:_set_value:103 - IntConverter : true
2022-03-30 10:44:26.778 | DEBUG    | converter:_set_value:103 - IntConverter : f
2022-03-30 10:44:26.778 | DEBUG    | converter:_set_value:103 - IntConverter : false
2022-03-30 10:44:26.778 | DEBUG    | converter:_set_value:103 - IntConverter : {}
2022-03-30 10:46:06.472 | DEBUG    | converter:_set_value:103 - IntConverter : True
2022-03-30 10:46:06.472 | DEBUG    | converter:_set_value:103 - IntConverter : True
2022-03-30 10:46:06.472 | DEBUG    | converter:_set_value:103 - IntConverter : True
2022-03-30 10:46:06.488 | DEBUG    | converter:_set_value:103 - IntConverter : False
2022-03-30 10:46:06.488 | DEBUG    | converter:_set_value:103 - IntConverter : False
2022-03-30 10:46:06.488 | DEBUG    | converter:_set_value:103 - IntConverter : False
2022-03-30 10:46:06.488 | DEBUG    | converter:_set_value:103 - IntConverter : t
2022-03-30 10:46:06.488 | DEBUG    | converter:_set_value:103 - IntConverter : true
2022-03-30 10:46:06.505 | DEBUG    | converter:_set_value:103 - IntConverter : f
2022-03-30 10:46:06.509 | DEBUG    | converter:_set_value:103 - IntConverter : false
2022-03-30 10:46:06.510 | DEBUG    | converter:_set_value:103 - IntConverter : {}
2022-03-30 10:46:06.604 | DEBUG    | converter:_set_value:103 - IntConverter : True
2022-03-30 10:46:06.619 | DEBUG    | converter:_set_value:103 - IntConverter : True
2022-03-30 10:46:06.619 | DEBUG    | converter:_set_value:103 - IntConverter : True
2022-03-30 10:46:06.619 | DEBUG    | converter:_set_value:103 - IntConverter : False
2022-03-30 10:46:06.619 | DEBUG    | converter:_set_value:103 - IntConverter : False
2022-03-30 10:46:06.619 | DEBUG    | converter:_set_value:103 - IntConverter : False
2022-03-30 10:46:06.619 | DEBUG    | converter:_set_value:103 - IntConverter : t
2022-03-30 10:46:06.635 | DEBUG    | converter:_set_value:103 - IntConverter : true
2022-03-30 10:46:06.635 | DEBUG    | converter:_set_value:103 - IntConverter : f
2022-03-30 10:46:06.635 | DEBUG    | converter:_set_value:103 - IntConverter : false
2022-03-30 10:46:06.635 | DEBUG    | converter:_set_value:103 - IntConverter : {}
2022-03-30 10:46:37.805 | DEBUG    | converter:_set_value:103 - IntConverter : True
2022-03-30 10:46:37.805 | DEBUG    | converter:_set_value:103 - IntConverter : True
2022-03-30 10:46:37.805 | DEBUG    | converter:_set_value:103 - IntConverter : True
2022-03-30 10:46:37.805 | DEBUG    | converter:_set_value:103 - IntConverter : False
2022-03-30 10:46:37.805 | DEBUG    | converter:_set_value:103 - IntConverter : False
2022-03-30 10:46:37.821 | DEBUG    | converter:_set_value:103 - IntConverter : False
2022-03-30 10:46:37.821 | DEBUG    | converter:_set_value:103 - IntConverter : t
2022-03-30 10:46:37.821 | DEBUG    | converter:_set_value:103 - IntConverter : true
2022-03-30 10:46:37.821 | DEBUG    | converter:_set_value:103 - IntConverter : f
2022-03-30 10:46:37.821 | DEBUG    | converter:_set_value:103 - IntConverter : false
2022-03-30 10:46:37.821 | DEBUG    | converter:_set_value:103 - IntConverter : {}
2022-03-30 10:46:56.794 | DEBUG    | converter:_set_value:103 - IntConverter : True
2022-03-30 10:46:56.794 | DEBUG    | converter:_set_value:103 - IntConverter : True
2022-03-30 10:46:56.794 | DEBUG    | converter:_set_value:103 - IntConverter : True
2022-03-30 10:46:56.794 | DEBUG    | converter:_set_value:103 - IntConverter : False
2022-03-30 10:46:56.794 | DEBUG    | converter:_set_value:103 - IntConverter : False
2022-03-30 10:46:56.809 | DEBUG    | converter:_set_value:103 - IntConverter : False
2022-03-30 10:46:56.809 | DEBUG    | converter:_set_value:103 - IntConverter : t
2022-03-30 10:46:56.809 | DEBUG    | converter:_set_value:103 - IntConverter : true
2022-03-30 10:46:56.809 | DEBUG    | converter:_set_value:103 - IntConverter : f
2022-03-30 10:46:56.809 | DEBUG    | converter:_set_value:103 - IntConverter : false
2022-03-30 10:46:56.809 | DEBUG    | converter:_set_value:103 - IntConverter : {}
2022-03-30 10:47:20.359 | DEBUG    | converter:_set_value:103 - IntConverter : True
2022-03-30 10:47:20.359 | DEBUG    | converter:_set_value:103 - IntConverter : True
2022-03-30 10:47:20.375 | DEBUG    | converter:_set_value:103 - IntConverter : True
2022-03-30 10:47:20.375 | DEBUG    | converter:_set_value:103 - IntConverter : False
2022-03-30 10:47:20.375 | DEBUG    | converter:_set_value:103 - IntConverter : False
2022-03-30 10:47:20.375 | DEBUG    | converter:_set_value:103 - IntConverter : False
2022-03-30 10:47:20.375 | DEBUG    | converter:_set_value:103 - IntConverter : t
2022-03-30 10:47:20.390 | DEBUG    | converter:_set_value:103 - IntConverter : true
2022-03-30 10:47:20.390 | DEBUG    | converter:_set_value:103 - IntConverter : f
2022-03-30 10:47:20.390 | DEBUG    | converter:_set_value:103 - IntConverter : false
2022-03-30 10:47:20.390 | DEBUG    | converter:_set_value:103 - IntConverter : {}
2022-03-30 10:47:23.815 | DEBUG    | converter:_set_value:103 - IntConverter : True
2022-03-30 10:47:23.831 | DEBUG    | converter:_set_value:103 - IntConverter : True
2022-03-30 10:47:23.831 | DEBUG    | converter:_set_value:103 - IntConverter : True
2022-03-30 10:47:23.831 | DEBUG    | converter:_set_value:103 - IntConverter : False
2022-03-30 10:47:23.831 | DEBUG    | converter:_set_value:103 - IntConverter : False
2022-03-30 10:47:23.831 | DEBUG    | converter:_set_value:103 - IntConverter : False
2022-03-30 10:47:23.846 | DEBUG    | converter:_set_value:103 - IntConverter : t
2022-03-30 10:47:23.846 | DEBUG    | converter:_set_value:103 - IntConverter : true
2022-03-30 10:47:23.846 | DEBUG    | converter:_set_value:103 - IntConverter : f
2022-03-30 10:47:23.846 | DEBUG    | converter:_set_value:103 - IntConverter : false
2022-03-30 10:47:23.846 | DEBUG    | converter:_set_value:103 - IntConverter : {}
2022-03-30 10:53:06.028 | DEBUG    | converter:_set_value:103 - IntConverter : True
2022-03-30 10:53:06.028 | DEBUG    | converter:_set_value:103 - IntConverter : True
2022-03-30 10:53:06.028 | DEBUG    | converter:_set_value:103 - IntConverter : True
2022-03-30 10:53:06.028 | DEBUG    | converter:_set_value:103 - IntConverter : False
2022-03-30 10:53:06.044 | DEBUG    | converter:_set_value:103 - IntConverter : False
2022-03-30 10:53:06.044 | DEBUG    | converter:_set_value:103 - IntConverter : False
2022-03-30 10:53:06.044 | DEBUG    | converter:_set_value:103 - IntConverter : t
2022-03-30 10:53:06.044 | DEBUG    | converter:_set_value:103 - IntConverter : true
2022-03-30 10:53:06.044 | DEBUG    | converter:_set_value:103 - IntConverter : f
2022-03-30 10:53:06.059 | DEBUG    | converter:_set_value:103 - IntConverter : false
2022-03-30 10:53:06.059 | DEBUG    | converter:_set_value:103 - IntConverter : {}
2022-03-30 10:54:32.170 | DEBUG    | converter:_set_value:103 - IntConverter : True
2022-03-30 10:54:32.170 | DEBUG    | converter:_set_value:103 - IntConverter : True
2022-03-30 10:54:32.170 | DEBUG    | converter:_set_value:103 - IntConverter : True
2022-03-30 10:54:32.186 | DEBUG    | converter:_set_value:103 - IntConverter : False
2022-03-30 10:54:32.186 | DEBUG    | converter:_set_value:103 - IntConverter : False
2022-03-30 10:54:32.186 | DEBUG    | converter:_set_value:103 - IntConverter : False
2022-03-30 10:54:32.202 | DEBUG    | converter:_set_value:103 - IntConverter : t
2022-03-30 10:54:32.202 | DEBUG    | converter:_set_value:103 - IntConverter : true
2022-03-30 10:54:32.202 | DEBUG    | converter:_set_value:103 - IntConverter : f
2022-03-30 10:54:32.202 | DEBUG    | converter:_set_value:103 - IntConverter : false
2022-03-30 10:54:32.217 | DEBUG    | converter:_set_value:103 - IntConverter : {}
