2022-03-30 11:04:35.466 | DEBUG    | utils:_set_value:301 - IntConverter : True
2022-03-30 11:04:35.482 | DEBUG    | utils:_set_value:301 - IntConverter : True
2022-03-30 11:04:35.482 | DEBUG    | utils:_set_value:301 - IntConverter : True
2022-03-30 11:04:35.482 | DEBUG    | utils:_set_value:301 - IntConverter : False
2022-03-30 11:04:35.482 | DEBUG    | utils:_set_value:301 - IntConverter : False
2022-03-30 11:04:35.482 | DEBUG    | utils:_set_value:301 - IntConverter : False
2022-03-30 11:04:35.482 | DEBUG    | utils:_set_value:301 - IntConverter : t
2022-03-30 11:04:35.497 | DEBUG    | utils:_set_value:301 - IntConverter : true
2022-03-30 11:04:35.497 | DEBUG    | utils:_set_value:301 - IntConverter : f
2022-03-30 11:04:35.497 | DEBUG    | utils:_set_value:301 - IntConverter : false
2022-03-30 11:04:35.497 | DEBUG    | utils:_set_value:301 - IntConverter : {}
2022-03-30 11:04:38.001 | DEBUG    | utils:_set_value:301 - IntConverter : True
2022-03-30 11:04:38.001 | DEBUG    | utils:_set_value:301 - IntConverter : True
2022-03-30 11:04:38.001 | DEBUG    | utils:_set_value:301 - IntConverter : True
2022-03-30 11:04:38.017 | DEBUG    | utils:_set_value:301 - IntConverter : False
2022-03-30 11:04:38.017 | DEBUG    | utils:_set_value:301 - IntConverter : False
2022-03-30 11:04:38.017 | DEBUG    | utils:_set_value:301 - IntConverter : False
2022-03-30 11:04:38.027 | DEBUG    | utils:_set_value:301 - IntConverter : t
2022-03-30 11:04:38.028 | DEBUG    | utils:_set_value:301 - IntConverter : true
2022-03-30 11:04:38.028 | DEBUG    | utils:_set_value:301 - IntConverter : f
2022-03-30 11:04:38.028 | DEBUG    | utils:_set_value:301 - IntConverter : false
2022-03-30 11:04:38.028 | DEBUG    | utils:_set_value:301 - IntConverter : {}
2022-03-30 11:34:26.872 | DEBUG    | utils:convert:318 - IntConverter : True
2022-03-30 11:34:26.887 | DEBUG    | utils:convert:318 - IntConverter : True
2022-03-30 11:34:26.887 | DEBUG    | utils:convert:318 - IntConverter : True
2022-03-30 11:34:26.887 | DEBUG    | utils:convert:318 - IntConverter : False
2022-03-30 11:34:26.887 | DEBUG    | utils:convert:318 - IntConverter : False
2022-03-30 11:34:26.887 | DEBUG    | utils:convert:318 - IntConverter : False
2022-03-30 11:34:26.903 | DEBUG    | utils:convert:318 - IntConverter : t
2022-03-30 11:34:26.903 | DEBUG    | utils:convert:318 - IntConverter : true
2022-03-30 11:34:26.903 | DEBUG    | utils:convert:318 - IntConverter : f
2022-03-30 11:34:26.903 | DEBUG    | utils:convert:318 - IntConverter : false
2022-03-30 11:34:26.903 | DEBUG    | utils:convert:318 - IntConverter : {}
2022-03-30 11:36:57.413 | DEBUG    | utils:convert:318 - IntConverter : True
2022-03-30 11:36:57.413 | DEBUG    | utils:convert:318 - IntConverter : True
2022-03-30 11:36:57.413 | DEBUG    | utils:convert:318 - IntConverter : True
2022-03-30 11:36:57.430 | DEBUG    | utils:convert:318 - IntConverter : False
2022-03-30 11:36:57.431 | DEBUG    | utils:convert:318 - IntConverter : False
2022-03-30 11:36:57.431 | DEBUG    | utils:convert:318 - IntConverter : False
2022-03-30 11:36:57.431 | DEBUG    | utils:convert:318 - IntConverter : t
2022-03-30 11:36:57.431 | DEBUG    | utils:convert:318 - IntConverter : true
2022-03-30 11:36:57.431 | DEBUG    | utils:convert:318 - IntConverter : f
2022-03-30 11:36:57.446 | DEBUG    | utils:convert:318 - IntConverter : false
2022-03-30 11:36:57.446 | DEBUG    | utils:convert:318 - IntConverter : {}
2022-03-30 11:36:57.524 | DEBUG    | utils:convert:318 - IntConverter : True
2022-03-30 11:36:57.540 | DEBUG    | utils:convert:318 - IntConverter : True
2022-03-30 11:36:57.540 | DEBUG    | utils:convert:318 - IntConverter : True
2022-03-30 11:36:57.540 | DEBUG    | utils:convert:318 - IntConverter : False
2022-03-30 11:36:57.553 | DEBUG    | utils:convert:318 - IntConverter : False
2022-03-30 11:36:57.553 | DEBUG    | utils:convert:318 - IntConverter : False
2022-03-30 11:36:57.553 | DEBUG    | utils:convert:318 - IntConverter : t
2022-03-30 11:36:57.553 | DEBUG    | utils:convert:318 - IntConverter : true
2022-03-30 11:36:57.569 | DEBUG    | utils:convert:318 - IntConverter : f
2022-03-30 11:36:57.569 | DEBUG    | utils:convert:318 - IntConverter : false
2022-03-30 11:36:57.569 | DEBUG    | utils:convert:318 - IntConverter : {}
2022-03-30 11:37:46.946 | DEBUG    | utils:convert:318 - IntConverter : True
2022-03-30 11:37:46.946 | DEBUG    | utils:convert:318 - IntConverter : True
2022-03-30 11:37:46.946 | DEBUG    | utils:convert:318 - IntConverter : True
2022-03-30 11:37:46.946 | DEBUG    | utils:convert:318 - IntConverter : False
2022-03-30 11:37:46.946 | DEBUG    | utils:convert:318 - IntConverter : False
2022-03-30 11:37:46.961 | DEBUG    | utils:convert:318 - IntConverter : False
2022-03-30 11:37:46.961 | DEBUG    | utils:convert:318 - IntConverter : t
2022-03-30 11:37:46.961 | DEBUG    | utils:convert:318 - IntConverter : true
2022-03-30 11:37:46.961 | DEBUG    | utils:convert:318 - IntConverter : f
2022-03-30 11:37:46.961 | DEBUG    | utils:convert:318 - IntConverter : false
2022-03-30 11:37:46.977 | DEBUG    | utils:convert:318 - IntConverter : {}
2022-03-30 11:37:47.055 | DEBUG    | utils:convert:318 - IntConverter : True
2022-03-30 11:37:47.055 | DEBUG    | utils:convert:318 - IntConverter : True
2022-03-30 11:37:47.071 | DEBUG    | utils:convert:318 - IntConverter : True
2022-03-30 11:37:47.071 | DEBUG    | utils:convert:318 - IntConverter : False
2022-03-30 11:37:47.071 | DEBUG    | utils:convert:318 - IntConverter : False
2022-03-30 11:37:47.071 | DEBUG    | utils:convert:318 - IntConverter : False
2022-03-30 11:37:47.071 | DEBUG    | utils:convert:318 - IntConverter : t
2022-03-30 11:37:47.086 | DEBUG    | utils:convert:318 - IntConverter : true
2022-03-30 11:37:47.086 | DEBUG    | utils:convert:318 - IntConverter : f
2022-03-30 11:37:47.086 | DEBUG    | utils:convert:318 - IntConverter : false
2022-03-30 11:37:47.086 | DEBUG    | utils:convert:318 - IntConverter : {}
2022-03-30 11:37:50.171 | DEBUG    | utils:convert:318 - IntConverter : True
2022-03-30 11:37:50.171 | DEBUG    | utils:convert:318 - IntConverter : True
2022-03-30 11:37:50.171 | DEBUG    | utils:convert:318 - IntConverter : True
2022-03-30 11:37:50.171 | DEBUG    | utils:convert:318 - IntConverter : False
2022-03-30 11:37:50.171 | DEBUG    | utils:convert:318 - IntConverter : False
2022-03-30 11:37:50.187 | DEBUG    | utils:convert:318 - IntConverter : False
2022-03-30 11:37:50.187 | DEBUG    | utils:convert:318 - IntConverter : t
2022-03-30 11:37:50.187 | DEBUG    | utils:convert:318 - IntConverter : true
2022-03-30 11:37:50.187 | DEBUG    | utils:convert:318 - IntConverter : f
2022-03-30 11:37:50.187 | DEBUG    | utils:convert:318 - IntConverter : false
2022-03-30 11:37:50.202 | DEBUG    | utils:convert:318 - IntConverter : {}
2022-03-30 11:37:50.280 | DEBUG    | utils:convert:318 - IntConverter : True
2022-03-30 11:37:50.280 | DEBUG    | utils:convert:318 - IntConverter : True
2022-03-30 11:37:50.296 | DEBUG    | utils:convert:318 - IntConverter : True
2022-03-30 11:37:50.296 | DEBUG    | utils:convert:318 - IntConverter : False
2022-03-30 11:37:50.296 | DEBUG    | utils:convert:318 - IntConverter : False
2022-03-30 11:37:50.296 | DEBUG    | utils:convert:318 - IntConverter : False
2022-03-30 11:37:50.296 | DEBUG    | utils:convert:318 - IntConverter : t
2022-03-30 11:37:50.312 | DEBUG    | utils:convert:318 - IntConverter : true
2022-03-30 11:37:50.312 | DEBUG    | utils:convert:318 - IntConverter : f
2022-03-30 11:37:50.312 | DEBUG    | utils:convert:318 - IntConverter : false
2022-03-30 11:37:50.312 | DEBUG    | utils:convert:318 - IntConverter : {}
